<?xml version="1.0" encoding="UTF-8"?>
<!-- Generated by org.testng.reporters.JUnitReportReporter -->
<testsuite skipped="0" hostname="DESKTOP-KRLAL0I" name="com.icici.loans.carloans.TC_001" tests="1" failures="0" timestamp="05 Mar 2019 02:31:07 GMT" time="0.737" errors="0">
  <testcase name="getData" time="0.737" classname="com.icici.loans.carloans.TC_001"/>
</testsuite> <!-- com.icici.loans.carloans.TC_001 -->
