<?xml version="1.0" encoding="UTF-8"?>
<!-- Generated by org.testng.reporters.JUnitReportReporter -->
<testsuite skipped="0" hostname="DESKTOP-KRLAL0I" name="com.icici.loans.carloans.TC_003" tests="3" failures="0" timestamp="22 Mar 2019 07:01:27 GMT" time="0.022" errors="0">
  <testcase name="f" time="0.000" classname="com.icici.loans.carloans.TC_003"/>
  <testcase name="f" time="0.000" classname="com.icici.loans.carloans.TC_003"/>
  <testcase name="f" time="0.022" classname="com.icici.loans.carloans.TC_003"/>
</testsuite> <!-- com.icici.loans.carloans.TC_003 -->
